
*** Running vivado
    with args -log Processor.vdi -applog -m64 -product Vivado -messageDb vivado.pb -mode batch -source Processor.tcl -notrace


****** Vivado v2023.2 (64-bit)
  **** SW Build 4029153 on Fri Oct 13 20:13:54 MDT 2023
  **** IP Build 4028589 on Sat Oct 14 00:45:43 MDT 2023
  **** SharedData Build 4025554 on Tue Oct 10 17:18:54 MDT 2023
    ** Copyright 1986-2022 Xilinx, Inc. All Rights Reserved.
    ** Copyright 2022-2023 Advanced Micro Devices, Inc. All Rights Reserved.

source Processor.tcl -notrace
create_project: Time (s): cpu = 00:00:07 ; elapsed = 00:00:07 . Memory (MB): peak = 1263.809 ; gain = 3.992 ; free physical = 6293 ; free virtual = 12607
Command: link_design -top Processor -part xc7a100tcsg324-1
Design is defaulting to srcset: sources_1
Design is defaulting to constrset: constrs_1
INFO: [Device 21-403] Loading part xc7a100tcsg324-1
Netlist sorting complete. Time (s): cpu = 00:00:00.02 ; elapsed = 00:00:00.02 . Memory (MB): peak = 1616.691 ; gain = 0.000 ; free physical = 5956 ; free virtual = 12270
INFO: [Netlist 29-17] Analyzing 224 Unisim elements for replacement
INFO: [Netlist 29-28] Unisim Transformation completed in 0 CPU seconds
INFO: [Project 1-479] Netlist was created with Vivado 2023.2
INFO: [Project 1-570] Preparing netlist for logic optimization
Parsing XDC File [/home/kemal/Desktop/riscv/riscv.srcs/constrs_1/imports/Desktop/Nexys-4-DDR-Master.xdc]
Finished Parsing XDC File [/home/kemal/Desktop/riscv/riscv.srcs/constrs_1/imports/Desktop/Nexys-4-DDR-Master.xdc]
INFO: [Opt 31-138] Pushed 0 inverter(s) to 0 load pin(s).
Netlist sorting complete. Time (s): cpu = 00:00:00 ; elapsed = 00:00:00 . Memory (MB): peak = 1772.188 ; gain = 0.000 ; free physical = 5869 ; free virtual = 12183
INFO: [Project 1-111] Unisim Transformation Summary:
  A total of 32 instances were transformed.
  RAM256X1S => RAM256X1S (MUXF7(x2), MUXF8, RAMS64E(x4)): 32 instances

7 Infos, 0 Warnings, 0 Critical Warnings and 0 Errors encountered.
link_design completed successfully
link_design: Time (s): cpu = 00:00:05 ; elapsed = 00:00:05 . Memory (MB): peak = 1772.223 ; gain = 508.414 ; free physical = 5869 ; free virtual = 12183
Command: opt_design
Attempting to get a license for feature 'Implementation' and/or device 'xc7a100t'
INFO: [Common 17-349] Got license for feature 'Implementation' and/or device 'xc7a100t'
Running DRC as a precondition to command opt_design

Starting DRC Task
INFO: [DRC 23-27] Running DRC with 8 threads
INFO: [Project 1-461] DRC finished with 0 Errors
INFO: [Project 1-462] Please refer to the DRC report (report_drc) for more information.

Time (s): cpu = 00:00:01 ; elapsed = 00:00:00.66 . Memory (MB): peak = 1858.031 ; gain = 85.809 ; free physical = 5846 ; free virtual = 12160

Starting Cache Timing Information Task
INFO: [Timing 38-35] Done setting XDC timing constraints.
Ending Cache Timing Information Task | Checksum: 14028f744

Time (s): cpu = 00:00:06 ; elapsed = 00:00:06 . Memory (MB): peak = 2362.883 ; gain = 504.852 ; free physical = 5429 ; free virtual = 11743

Starting Logic Optimization Task

Phase 1 Initialization

Phase 1.1 Core Generation And Design Setup
Phase 1.1 Core Generation And Design Setup | Checksum: 14028f744

Time (s): cpu = 00:00:00 ; elapsed = 00:00:00 . Memory (MB): peak = 2666.750 ; gain = 0.000 ; free physical = 5125 ; free virtual = 11439

Phase 1.2 Setup Constraints And Sort Netlist
Phase 1.2 Setup Constraints And Sort Netlist | Checksum: 14028f744

Time (s): cpu = 00:00:00.01 ; elapsed = 00:00:00.01 . Memory (MB): peak = 2666.750 ; gain = 0.000 ; free physical = 5125 ; free virtual = 11439
Phase 1 Initialization | Checksum: 14028f744

Time (s): cpu = 00:00:00.01 ; elapsed = 00:00:00.01 . Memory (MB): peak = 2666.750 ; gain = 0.000 ; free physical = 5125 ; free virtual = 11439

Phase 2 Timer Update And Timing Data Collection

Phase 2.1 Timer Update
Phase 2.1 Timer Update | Checksum: 14028f744

Time (s): cpu = 00:00:00.12 ; elapsed = 00:00:00.05 . Memory (MB): peak = 2666.750 ; gain = 0.000 ; free physical = 5125 ; free virtual = 11439

Phase 2.2 Timing Data Collection
Phase 2.2 Timing Data Collection | Checksum: 14028f744

Time (s): cpu = 00:00:00.13 ; elapsed = 00:00:00.05 . Memory (MB): peak = 2666.750 ; gain = 0.000 ; free physical = 5125 ; free virtual = 11439
Phase 2 Timer Update And Timing Data Collection | Checksum: 14028f744

Time (s): cpu = 00:00:00.13 ; elapsed = 00:00:00.05 . Memory (MB): peak = 2666.750 ; gain = 0.000 ; free physical = 5125 ; free virtual = 11439

Phase 3 Retarget
INFO: [Opt 31-138] Pushed 0 inverter(s) to 0 load pin(s).
INFO: [Opt 31-49] Retargeted 0 cell(s).
Phase 3 Retarget | Checksum: 14028f744

Time (s): cpu = 00:00:00.17 ; elapsed = 00:00:00.1 . Memory (MB): peak = 2666.750 ; gain = 0.000 ; free physical = 5125 ; free virtual = 11439
Retarget | Checksum: 14028f744
INFO: [Opt 31-389] Phase Retarget created 0 cells and removed 0 cells

Phase 4 Constant propagation
INFO: [Opt 31-138] Pushed 0 inverter(s) to 0 load pin(s).
Phase 4 Constant propagation | Checksum: 14d91271b

Time (s): cpu = 00:00:00.2 ; elapsed = 00:00:00.12 . Memory (MB): peak = 2666.750 ; gain = 0.000 ; free physical = 5125 ; free virtual = 11439
Constant propagation | Checksum: 14d91271b
INFO: [Opt 31-389] Phase Constant propagation created 0 cells and removed 0 cells

Phase 5 Sweep
Phase 5 Sweep | Checksum: 16251bb58

Time (s): cpu = 00:00:00.22 ; elapsed = 00:00:00.15 . Memory (MB): peak = 2666.750 ; gain = 0.000 ; free physical = 5125 ; free virtual = 11439
Sweep | Checksum: 16251bb58
INFO: [Opt 31-389] Phase Sweep created 16 cells and removed 0 cells

Phase 6 BUFG optimization
Phase 6 BUFG optimization | Checksum: 16251bb58

Time (s): cpu = 00:00:00.27 ; elapsed = 00:00:00.17 . Memory (MB): peak = 2698.766 ; gain = 32.016 ; free physical = 5125 ; free virtual = 11439
BUFG optimization | Checksum: 16251bb58
INFO: [Opt 31-662] Phase BUFG optimization created 0 cells of which 0 are BUFGs and removed 0 cells.

Phase 7 Shift Register Optimization
INFO: [Opt 31-1064] SRL Remap converted 0 SRLs to 0 registers and converted 0 registers of register chains to 0 SRLs
Phase 7 Shift Register Optimization | Checksum: 16251bb58

Time (s): cpu = 00:00:00.27 ; elapsed = 00:00:00.18 . Memory (MB): peak = 2698.766 ; gain = 32.016 ; free physical = 5125 ; free virtual = 11439
Shift Register Optimization | Checksum: 16251bb58
INFO: [Opt 31-389] Phase Shift Register Optimization created 0 cells and removed 0 cells

Phase 8 Post Processing Netlist
Phase 8 Post Processing Netlist | Checksum: 14df925f8

Time (s): cpu = 00:00:00.28 ; elapsed = 00:00:00.18 . Memory (MB): peak = 2698.766 ; gain = 32.016 ; free physical = 5125 ; free virtual = 11439
Post Processing Netlist | Checksum: 14df925f8
INFO: [Opt 31-389] Phase Post Processing Netlist created 0 cells and removed 0 cells

Phase 9 Finalization

Phase 9.1 Finalizing Design Cores and Updating Shapes
Phase 9.1 Finalizing Design Cores and Updating Shapes | Checksum: 157c5d906

Time (s): cpu = 00:00:00.45 ; elapsed = 00:00:00.22 . Memory (MB): peak = 2698.766 ; gain = 32.016 ; free physical = 5125 ; free virtual = 11439

Phase 9.2 Verifying Netlist Connectivity

Starting Connectivity Check Task

Time (s): cpu = 00:00:00 ; elapsed = 00:00:00 . Memory (MB): peak = 2698.766 ; gain = 0.000 ; free physical = 5125 ; free virtual = 11439
Phase 9.2 Verifying Netlist Connectivity | Checksum: 157c5d906

Time (s): cpu = 00:00:00.46 ; elapsed = 00:00:00.23 . Memory (MB): peak = 2698.766 ; gain = 32.016 ; free physical = 5125 ; free virtual = 11439
Phase 9 Finalization | Checksum: 157c5d906

Time (s): cpu = 00:00:00.46 ; elapsed = 00:00:00.23 . Memory (MB): peak = 2698.766 ; gain = 32.016 ; free physical = 5125 ; free virtual = 11439
Opt_design Change Summary
=========================


-------------------------------------------------------------------------------------------------------------------------
|  Phase                        |  #Cells created  |  #Cells Removed  |  #Constrained objects preventing optimizations  |
-------------------------------------------------------------------------------------------------------------------------
|  Retarget                     |               0  |               0  |                                              0  |
|  Constant propagation         |               0  |               0  |                                              0  |
|  Sweep                        |              16  |               0  |                                              0  |
|  BUFG optimization            |               0  |               0  |                                              0  |
|  Shift Register Optimization  |               0  |               0  |                                              0  |
|  Post Processing Netlist      |               0  |               0  |                                              0  |
-------------------------------------------------------------------------------------------------------------------------


Ending Logic Optimization Task | Checksum: 157c5d906

Time (s): cpu = 00:00:00.46 ; elapsed = 00:00:00.24 . Memory (MB): peak = 2698.766 ; gain = 32.016 ; free physical = 5125 ; free virtual = 11439
INFO: [Constraints 18-11670] Building netlist checker database with flags, 0x8
Done building netlist checker database: Time (s): cpu = 00:00:00 ; elapsed = 00:00:00 . Memory (MB): peak = 2698.766 ; gain = 0.000 ; free physical = 5125 ; free virtual = 11439

Starting Power Optimization Task
INFO: [Pwropt 34-132] Skipping clock gating for clocks with a period < 2.00 ns.
Ending Power Optimization Task | Checksum: 157c5d906

Time (s): cpu = 00:00:00.01 ; elapsed = 00:00:00 . Memory (MB): peak = 2698.766 ; gain = 0.000 ; free physical = 5125 ; free virtual = 11439

Starting Final Cleanup Task
Ending Final Cleanup Task | Checksum: 157c5d906

Time (s): cpu = 00:00:00 ; elapsed = 00:00:00 . Memory (MB): peak = 2698.766 ; gain = 0.000 ; free physical = 5125 ; free virtual = 11439

Starting Netlist Obfuscation Task
Netlist sorting complete. Time (s): cpu = 00:00:00 ; elapsed = 00:00:00 . Memory (MB): peak = 2698.766 ; gain = 0.000 ; free physical = 5125 ; free virtual = 11439
Ending Netlist Obfuscation Task | Checksum: 157c5d906

Time (s): cpu = 00:00:00 ; elapsed = 00:00:00.01 . Memory (MB): peak = 2698.766 ; gain = 0.000 ; free physical = 5125 ; free virtual = 11439
INFO: [Common 17-83] Releasing license: Implementation
25 Infos, 0 Warnings, 0 Critical Warnings and 0 Errors encountered.
opt_design completed successfully
opt_design: Time (s): cpu = 00:00:10 ; elapsed = 00:00:10 . Memory (MB): peak = 2698.766 ; gain = 926.543 ; free physical = 5125 ; free virtual = 11439
INFO: [runtcl-4] Executing : report_drc -file Processor_drc_opted.rpt -pb Processor_drc_opted.pb -rpx Processor_drc_opted.rpx
Command: report_drc -file Processor_drc_opted.rpt -pb Processor_drc_opted.pb -rpx Processor_drc_opted.rpx
INFO: [IP_Flow 19-234] Refreshing IP repositories
INFO: [IP_Flow 19-1704] No user IP repositories specified
INFO: [IP_Flow 19-2313] Loaded Vivado IP repository '/tools/Xilinx/Vivado/2023.2/data/ip'.
INFO: [DRC 23-27] Running DRC with 8 threads
INFO: [Vivado_Tcl 2-168] The results of DRC are in file /home/kemal/Desktop/riscv/riscv.runs/impl_1/Processor_drc_opted.rpt.
report_drc completed successfully
INFO: [Timing 38-480] Writing timing data to binary archive.
Write ShapeDB Complete: Time (s): cpu = 00:00:00.01 ; elapsed = 00:00:00.01 . Memory (MB): peak = 2794.812 ; gain = 0.000 ; free physical = 5112 ; free virtual = 11426
INFO: [Common 17-1381] The checkpoint '/home/kemal/Desktop/riscv/riscv.runs/impl_1/Processor_opt.dcp' has been generated.
Command: place_design
Attempting to get a license for feature 'Implementation' and/or device 'xc7a100t'
INFO: [Common 17-349] Got license for feature 'Implementation' and/or device 'xc7a100t'
INFO: [Common 17-83] Releasing license: Implementation
INFO: [DRC 23-27] Running DRC with 8 threads
INFO: [Vivado_Tcl 4-198] DRC finished with 0 Errors
INFO: [Vivado_Tcl 4-199] Please refer to the DRC report (report_drc) for more information.
Running DRC as a precondition to command place_design
INFO: [DRC 23-27] Running DRC with 8 threads
INFO: [Vivado_Tcl 4-198] DRC finished with 0 Errors
INFO: [Vivado_Tcl 4-199] Please refer to the DRC report (report_drc) for more information.
INFO: [Place 30-611] Multithreading enabled for place_design using a maximum of 8 CPUs

Starting Placer Task

Phase 1 Placer Initialization

Phase 1.1 Placer Initialization Netlist Sorting
Netlist sorting complete. Time (s): cpu = 00:00:00 ; elapsed = 00:00:00 . Memory (MB): peak = 2794.812 ; gain = 0.000 ; free physical = 5101 ; free virtual = 11415
Phase 1.1 Placer Initialization Netlist Sorting | Checksum: e3492e5e

Time (s): cpu = 00:00:00 ; elapsed = 00:00:00 . Memory (MB): peak = 2794.812 ; gain = 0.000 ; free physical = 5101 ; free virtual = 11415
Netlist sorting complete. Time (s): cpu = 00:00:00 ; elapsed = 00:00:00 . Memory (MB): peak = 2794.812 ; gain = 0.000 ; free physical = 5101 ; free virtual = 11415

Phase 1.2 IO Placement/ Clock Placement/ Build Placer Device
INFO: [Timing 38-35] Done setting XDC timing constraints.
Phase 1.2 IO Placement/ Clock Placement/ Build Placer Device | Checksum: 1da9c1fc7

Time (s): cpu = 00:00:02 ; elapsed = 00:00:01 . Memory (MB): peak = 2794.812 ; gain = 0.000 ; free physical = 5086 ; free virtual = 11401

Phase 1.3 Build Placer Netlist Model
Phase 1.3 Build Placer Netlist Model | Checksum: 21a422eca

Time (s): cpu = 00:00:02 ; elapsed = 00:00:01 . Memory (MB): peak = 2794.812 ; gain = 0.000 ; free physical = 5086 ; free virtual = 11401

Phase 1.4 Constrain Clocks/Macros
Phase 1.4 Constrain Clocks/Macros | Checksum: 21a422eca

Time (s): cpu = 00:00:02 ; elapsed = 00:00:01 . Memory (MB): peak = 2794.812 ; gain = 0.000 ; free physical = 5086 ; free virtual = 11401
Phase 1 Placer Initialization | Checksum: 21a422eca

Time (s): cpu = 00:00:02 ; elapsed = 00:00:01 . Memory (MB): peak = 2794.812 ; gain = 0.000 ; free physical = 5086 ; free virtual = 11401

Phase 2 Global Placement

Phase 2.1 Floorplanning
Phase 2.1 Floorplanning | Checksum: 21a422eca

Time (s): cpu = 00:00:02 ; elapsed = 00:00:01 . Memory (MB): peak = 2794.812 ; gain = 0.000 ; free physical = 5086 ; free virtual = 11400

Phase 2.2 Update Timing before SLR Path Opt
Phase 2.2 Update Timing before SLR Path Opt | Checksum: 21a422eca

Time (s): cpu = 00:00:02 ; elapsed = 00:00:01 . Memory (MB): peak = 2794.812 ; gain = 0.000 ; free physical = 5086 ; free virtual = 11400

Phase 2.3 Post-Processing in Floorplanning
Phase 2.3 Post-Processing in Floorplanning | Checksum: 21a422eca

Time (s): cpu = 00:00:02 ; elapsed = 00:00:01 . Memory (MB): peak = 2794.812 ; gain = 0.000 ; free physical = 5086 ; free virtual = 11400

Phase 2.4 Global Placement Core
WARNING: [Place 46-29] Timing had been disabled during Placer and, therefore, physical synthesis in Placer will be skipped.
Phase 2.4 Global Placement Core | Checksum: 28895c34b

Time (s): cpu = 00:00:07 ; elapsed = 00:00:02 . Memory (MB): peak = 2794.812 ; gain = 0.000 ; free physical = 5023 ; free virtual = 11338
Phase 2 Global Placement | Checksum: 28895c34b

Time (s): cpu = 00:00:07 ; elapsed = 00:00:02 . Memory (MB): peak = 2794.812 ; gain = 0.000 ; free physical = 5023 ; free virtual = 11338

Phase 3 Detail Placement

Phase 3.1 Commit Multi Column Macros
Phase 3.1 Commit Multi Column Macros | Checksum: 28895c34b

Time (s): cpu = 00:00:07 ; elapsed = 00:00:02 . Memory (MB): peak = 2794.812 ; gain = 0.000 ; free physical = 5023 ; free virtual = 11338

Phase 3.2 Commit Most Macros & LUTRAMs
Phase 3.2 Commit Most Macros & LUTRAMs | Checksum: 1b9dfc1ae

Time (s): cpu = 00:00:07 ; elapsed = 00:00:02 . Memory (MB): peak = 2794.812 ; gain = 0.000 ; free physical = 5023 ; free virtual = 11338

Phase 3.3 Area Swap Optimization
Phase 3.3 Area Swap Optimization | Checksum: 1a5af8c46

Time (s): cpu = 00:00:08 ; elapsed = 00:00:03 . Memory (MB): peak = 2794.812 ; gain = 0.000 ; free physical = 5023 ; free virtual = 11338

Phase 3.4 Pipeline Register Optimization
Phase 3.4 Pipeline Register Optimization | Checksum: 1d7fa7669

Time (s): cpu = 00:00:08 ; elapsed = 00:00:03 . Memory (MB): peak = 2794.812 ; gain = 0.000 ; free physical = 5023 ; free virtual = 11338

Phase 3.5 Small Shape Detail Placement
Phase 3.5 Small Shape Detail Placement | Checksum: 2c41762d1

Time (s): cpu = 00:00:09 ; elapsed = 00:00:03 . Memory (MB): peak = 2794.812 ; gain = 0.000 ; free physical = 5020 ; free virtual = 11335

Phase 3.6 Re-assign LUT pins
Phase 3.6 Re-assign LUT pins | Checksum: 2c41762d1

Time (s): cpu = 00:00:09 ; elapsed = 00:00:04 . Memory (MB): peak = 2794.812 ; gain = 0.000 ; free physical = 5020 ; free virtual = 11335

Phase 3.7 Pipeline Register Optimization
Phase 3.7 Pipeline Register Optimization | Checksum: 2c41762d1

Time (s): cpu = 00:00:09 ; elapsed = 00:00:04 . Memory (MB): peak = 2794.812 ; gain = 0.000 ; free physical = 5020 ; free virtual = 11335
Phase 3 Detail Placement | Checksum: 2c41762d1

Time (s): cpu = 00:00:09 ; elapsed = 00:00:04 . Memory (MB): peak = 2794.812 ; gain = 0.000 ; free physical = 5020 ; free virtual = 11335

Phase 4 Post Placement Optimization and Clean-Up

Phase 4.1 Post Commit Optimization
Phase 4.1 Post Commit Optimization | Checksum: 2c41762d1

Time (s): cpu = 00:00:09 ; elapsed = 00:00:04 . Memory (MB): peak = 2794.812 ; gain = 0.000 ; free physical = 5020 ; free virtual = 11335

Phase 4.2 Post Placement Cleanup
Phase 4.2 Post Placement Cleanup | Checksum: 2c41762d1

Time (s): cpu = 00:00:09 ; elapsed = 00:00:04 . Memory (MB): peak = 2794.812 ; gain = 0.000 ; free physical = 5020 ; free virtual = 11335

Phase 4.3 Placer Reporting

Phase 4.3.1 Print Estimated Congestion
INFO: [Place 30-612] Post-Placement Estimated Congestion 
 ____________________________________________________
|           | Global Congestion | Short Congestion  |
| Direction | Region Size       | Region Size       |
|___________|___________________|___________________|
|      North|                1x1|                1x1|
|___________|___________________|___________________|
|      South|                1x1|                1x1|
|___________|___________________|___________________|
|       East|                1x1|                1x1|
|___________|___________________|___________________|
|       West|                1x1|                1x1|
|___________|___________________|___________________|

Phase 4.3.1 Print Estimated Congestion | Checksum: 2c41762d1

Time (s): cpu = 00:00:09 ; elapsed = 00:00:04 . Memory (MB): peak = 2794.812 ; gain = 0.000 ; free physical = 5020 ; free virtual = 11335
Phase 4.3 Placer Reporting | Checksum: 2c41762d1

Time (s): cpu = 00:00:10 ; elapsed = 00:00:04 . Memory (MB): peak = 2794.812 ; gain = 0.000 ; free physical = 5020 ; free virtual = 11335

Phase 4.4 Final Placement Cleanup
Netlist sorting complete. Time (s): cpu = 00:00:00 ; elapsed = 00:00:00 . Memory (MB): peak = 2794.812 ; gain = 0.000 ; free physical = 5020 ; free virtual = 11335

Time (s): cpu = 00:00:10 ; elapsed = 00:00:04 . Memory (MB): peak = 2794.812 ; gain = 0.000 ; free physical = 5020 ; free virtual = 11335
Phase 4 Post Placement Optimization and Clean-Up | Checksum: 2ab1043d9

Time (s): cpu = 00:00:10 ; elapsed = 00:00:04 . Memory (MB): peak = 2794.812 ; gain = 0.000 ; free physical = 5020 ; free virtual = 11335
Ending Placer Task | Checksum: 1cc409c43

Time (s): cpu = 00:00:10 ; elapsed = 00:00:04 . Memory (MB): peak = 2794.812 ; gain = 0.000 ; free physical = 5020 ; free virtual = 11335
44 Infos, 1 Warnings, 0 Critical Warnings and 0 Errors encountered.
place_design completed successfully
INFO: [runtcl-4] Executing : report_io -file Processor_io_placed.rpt
report_io: Time (s): cpu = 00:00:00.14 ; elapsed = 00:00:00.2 . Memory (MB): peak = 2794.812 ; gain = 0.000 ; free physical = 5026 ; free virtual = 11341
INFO: [runtcl-4] Executing : report_utilization -file Processor_utilization_placed.rpt -pb Processor_utilization_placed.pb
INFO: [runtcl-4] Executing : report_control_sets -verbose -file Processor_control_sets_placed.rpt
report_control_sets: Time (s): cpu = 00:00:00.06 ; elapsed = 00:00:00.12 . Memory (MB): peak = 2794.812 ; gain = 0.000 ; free physical = 5040 ; free virtual = 11355
INFO: [Timing 38-480] Writing timing data to binary archive.
Write ShapeDB Complete: Time (s): cpu = 00:00:00.01 ; elapsed = 00:00:00 . Memory (MB): peak = 2794.812 ; gain = 0.000 ; free physical = 5040 ; free virtual = 11355
Wrote PlaceDB: Time (s): cpu = 00:00:00.64 ; elapsed = 00:00:00.22 . Memory (MB): peak = 2794.812 ; gain = 0.000 ; free physical = 5034 ; free virtual = 11353
Wrote PulsedLatchDB: Time (s): cpu = 00:00:00 ; elapsed = 00:00:00 . Memory (MB): peak = 2794.812 ; gain = 0.000 ; free physical = 5034 ; free virtual = 11353
Writing XDEF routing.
Writing XDEF routing logical nets.
Writing XDEF routing special nets.
Wrote RouteStorage: Time (s): cpu = 00:00:00.01 ; elapsed = 00:00:00.01 . Memory (MB): peak = 2794.812 ; gain = 0.000 ; free physical = 5034 ; free virtual = 11352
Wrote Netlist Cache: Time (s): cpu = 00:00:00.01 ; elapsed = 00:00:00.01 . Memory (MB): peak = 2794.812 ; gain = 0.000 ; free physical = 5034 ; free virtual = 11353
Wrote Device Cache: Time (s): cpu = 00:00:00 ; elapsed = 00:00:00 . Memory (MB): peak = 2794.812 ; gain = 0.000 ; free physical = 5033 ; free virtual = 11353
Write Physdb Complete: Time (s): cpu = 00:00:00.67 ; elapsed = 00:00:00.25 . Memory (MB): peak = 2794.812 ; gain = 0.000 ; free physical = 5033 ; free virtual = 11353
INFO: [Common 17-1381] The checkpoint '/home/kemal/Desktop/riscv/riscv.runs/impl_1/Processor_placed.dcp' has been generated.
Command: phys_opt_design
Attempting to get a license for feature 'Implementation' and/or device 'xc7a100t'
INFO: [Common 17-349] Got license for feature 'Implementation' and/or device 'xc7a100t'

Starting Initial Update Timing Task

Time (s): cpu = 00:00:00.27 ; elapsed = 00:00:00.2 . Memory (MB): peak = 2796.805 ; gain = 0.000 ; free physical = 5030 ; free virtual = 11346
INFO: [Vivado_Tcl 4-235] No timing constraint found. The netlist was not modified.
INFO: [Common 17-83] Releasing license: Implementation
52 Infos, 1 Warnings, 0 Critical Warnings and 0 Errors encountered.
phys_opt_design completed successfully
INFO: [Timing 38-480] Writing timing data to binary archive.
Write ShapeDB Complete: Time (s): cpu = 00:00:00.01 ; elapsed = 00:00:00 . Memory (MB): peak = 2801.512 ; gain = 4.707 ; free physical = 5030 ; free virtual = 11346
Wrote PlaceDB: Time (s): cpu = 00:00:00.69 ; elapsed = 00:00:00.21 . Memory (MB): peak = 2801.512 ; gain = 4.707 ; free physical = 5016 ; free virtual = 11336
Wrote PulsedLatchDB: Time (s): cpu = 00:00:00 ; elapsed = 00:00:00 . Memory (MB): peak = 2801.512 ; gain = 0.000 ; free physical = 5016 ; free virtual = 11336
Writing XDEF routing.
Writing XDEF routing logical nets.
Writing XDEF routing special nets.
Wrote RouteStorage: Time (s): cpu = 00:00:00.02 ; elapsed = 00:00:00.02 . Memory (MB): peak = 2801.512 ; gain = 0.000 ; free physical = 5016 ; free virtual = 11335
Wrote Netlist Cache: Time (s): cpu = 00:00:00.01 ; elapsed = 00:00:00.01 . Memory (MB): peak = 2801.512 ; gain = 0.000 ; free physical = 5016 ; free virtual = 11336
Wrote Device Cache: Time (s): cpu = 00:00:00 ; elapsed = 00:00:00 . Memory (MB): peak = 2801.512 ; gain = 0.000 ; free physical = 5015 ; free virtual = 11336
Write Physdb Complete: Time (s): cpu = 00:00:00.72 ; elapsed = 00:00:00.24 . Memory (MB): peak = 2801.512 ; gain = 4.707 ; free physical = 5015 ; free virtual = 11336
INFO: [Common 17-1381] The checkpoint '/home/kemal/Desktop/riscv/riscv.runs/impl_1/Processor_physopt.dcp' has been generated.
Command: route_design
Attempting to get a license for feature 'Implementation' and/or device 'xc7a100t'
INFO: [Common 17-349] Got license for feature 'Implementation' and/or device 'xc7a100t'
Running DRC as a precondition to command route_design
INFO: [DRC 23-27] Running DRC with 8 threads
INFO: [Vivado_Tcl 4-198] DRC finished with 0 Errors
INFO: [Vivado_Tcl 4-199] Please refer to the DRC report (report_drc) for more information.


Starting Routing Task
INFO: [Route 35-254] Multithreading enabled for route_design using a maximum of 8 CPUs

Phase 1 Build RT Design
Checksum: PlaceDB: f9a3f532 ConstDB: 0 ShapeSum: d29ca711 RouteDB: 0
Post Restoration Checksum: NetGraph: 34a9fe17 | NumContArr: a2113440 | Constraints: c2a8fa9d | Timing: c2a8fa9d
Phase 1 Build RT Design | Checksum: 25c0d2791

Time (s): cpu = 00:00:30 ; elapsed = 00:00:25 . Memory (MB): peak = 2924.934 ; gain = 62.656 ; free physical = 4860 ; free virtual = 11177

Phase 2 Router Initialization
INFO: [Route 35-64] No timing constraints were detected. The router will operate in resource-optimization mode.

Phase 2.1 Fix Topology Constraints
Phase 2.1 Fix Topology Constraints | Checksum: 25c0d2791

Time (s): cpu = 00:00:30 ; elapsed = 00:00:25 . Memory (MB): peak = 2956.934 ; gain = 94.656 ; free physical = 4829 ; free virtual = 11146

Phase 2.2 Pre Route Cleanup
Phase 2.2 Pre Route Cleanup | Checksum: 25c0d2791

Time (s): cpu = 00:00:30 ; elapsed = 00:00:25 . Memory (MB): peak = 2956.934 ; gain = 94.656 ; free physical = 4829 ; free virtual = 11146
 Number of Nodes with overlaps = 0

Router Utilization Summary
  Global Vertical Routing Utilization    = 0 %
  Global Horizontal Routing Utilization  = 0 %
  Routable Net Status*
  *Does not include unroutable nets such as driverless and loadless.
  Run report_route_status for detailed report.
  Number of Failed Nets               = 2719
    (Failed Nets is the sum of unrouted and partially routed nets)
  Number of Unrouted Nets             = 2719
  Number of Partially Routed Nets     = 0
  Number of Node Overlaps             = 0

Phase 2 Router Initialization | Checksum: 20a737142

Time (s): cpu = 00:00:32 ; elapsed = 00:00:26 . Memory (MB): peak = 2995.418 ; gain = 133.141 ; free physical = 4781 ; free virtual = 11098

Phase 3 Initial Routing

Phase 3.1 Global Routing
Phase 3.1 Global Routing | Checksum: 20a737142

Time (s): cpu = 00:00:32 ; elapsed = 00:00:26 . Memory (MB): peak = 2995.418 ; gain = 133.141 ; free physical = 4781 ; free virtual = 11098

Phase 3.2 Initial Net Routing
Phase 3.2 Initial Net Routing | Checksum: 1d4329cb9

Time (s): cpu = 00:00:33 ; elapsed = 00:00:26 . Memory (MB): peak = 2995.418 ; gain = 133.141 ; free physical = 4780 ; free virtual = 11098
Phase 3 Initial Routing | Checksum: 1d4329cb9

Time (s): cpu = 00:00:33 ; elapsed = 00:00:26 . Memory (MB): peak = 2995.418 ; gain = 133.141 ; free physical = 4780 ; free virtual = 11098

Phase 4 Rip-up And Reroute

Phase 4.1 Global Iteration 0
 Number of Nodes with overlaps = 333
 Number of Nodes with overlaps = 2
 Number of Nodes with overlaps = 0
Phase 4.1 Global Iteration 0 | Checksum: 2903ce85e

Time (s): cpu = 00:00:34 ; elapsed = 00:00:27 . Memory (MB): peak = 2995.418 ; gain = 133.141 ; free physical = 4780 ; free virtual = 11098
Phase 4 Rip-up And Reroute | Checksum: 2903ce85e

Time (s): cpu = 00:00:34 ; elapsed = 00:00:27 . Memory (MB): peak = 2995.418 ; gain = 133.141 ; free physical = 4780 ; free virtual = 11098

Phase 5 Delay and Skew Optimization
Phase 5 Delay and Skew Optimization | Checksum: 2903ce85e

Time (s): cpu = 00:00:34 ; elapsed = 00:00:27 . Memory (MB): peak = 2995.418 ; gain = 133.141 ; free physical = 4780 ; free virtual = 11098

Phase 6 Post Hold Fix

Phase 6.1 Hold Fix Iter
Phase 6.1 Hold Fix Iter | Checksum: 2903ce85e

Time (s): cpu = 00:00:34 ; elapsed = 00:00:27 . Memory (MB): peak = 2995.418 ; gain = 133.141 ; free physical = 4780 ; free virtual = 11098
Phase 6 Post Hold Fix | Checksum: 2903ce85e

Time (s): cpu = 00:00:35 ; elapsed = 00:00:27 . Memory (MB): peak = 2995.418 ; gain = 133.141 ; free physical = 4780 ; free virtual = 11098

Phase 7 Route finalize

Router Utilization Summary
  Global Vertical Routing Utilization    = 0.460765 %
  Global Horizontal Routing Utilization  = 0.621483 %
  Routable Net Status*
  *Does not include unroutable nets such as driverless and loadless.
  Run report_route_status for detailed report.
  Number of Failed Nets               = 0
    (Failed Nets is the sum of unrouted and partially routed nets)
  Number of Unrouted Nets             = 0
  Number of Partially Routed Nets     = 0
  Number of Node Overlaps             = 0


--GLOBAL Congestion:
Utilization threshold used for congestion level computation: 0.85
Congestion Report
North Dir 1x1 Area, Max Cong = 45.9459%, No Congested Regions.
South Dir 1x1 Area, Max Cong = 44.1441%, No Congested Regions.
East Dir 1x1 Area, Max Cong = 41.1765%, No Congested Regions.
West Dir 1x1 Area, Max Cong = 54.4118%, No Congested Regions.

------------------------------
Reporting congestion hotspots
------------------------------
Direction: North
----------------
Congested clusters found at Level 0
Effective congestion level: 0 Aspect Ratio: 1 Sparse Ratio: 0
Direction: South
----------------
Congested clusters found at Level 0
Effective congestion level: 0 Aspect Ratio: 1 Sparse Ratio: 0
Direction: East
----------------
Congested clusters found at Level 0
Effective congestion level: 0 Aspect Ratio: 1 Sparse Ratio: 0
Direction: West
----------------
Congested clusters found at Level 0
Effective congestion level: 0 Aspect Ratio: 1 Sparse Ratio: 0

Phase 7 Route finalize | Checksum: 2903ce85e

Time (s): cpu = 00:00:35 ; elapsed = 00:00:27 . Memory (MB): peak = 2995.418 ; gain = 133.141 ; free physical = 4780 ; free virtual = 11098

Phase 8 Verifying routed nets

 Verification completed successfully
Phase 8 Verifying routed nets | Checksum: 2903ce85e

Time (s): cpu = 00:00:35 ; elapsed = 00:00:27 . Memory (MB): peak = 2995.418 ; gain = 133.141 ; free physical = 4780 ; free virtual = 11098

Phase 9 Depositing Routes
Phase 9 Depositing Routes | Checksum: 2dc7c3e9a

Time (s): cpu = 00:00:35 ; elapsed = 00:00:27 . Memory (MB): peak = 2995.418 ; gain = 133.141 ; free physical = 4780 ; free virtual = 11098
INFO: [Route 35-16] Router Completed Successfully

Phase 10 Post-Route Event Processing
Phase 10 Post-Route Event Processing | Checksum: 16d899feb

Time (s): cpu = 00:00:35 ; elapsed = 00:00:27 . Memory (MB): peak = 2995.418 ; gain = 133.141 ; free physical = 4780 ; free virtual = 11098
Ending Routing Task | Checksum: 16d899feb

Time (s): cpu = 00:00:35 ; elapsed = 00:00:27 . Memory (MB): peak = 2995.418 ; gain = 133.141 ; free physical = 4780 ; free virtual = 11098

Routing Is Done.
INFO: [Common 17-83] Releasing license: Implementation
62 Infos, 1 Warnings, 0 Critical Warnings and 0 Errors encountered.
route_design completed successfully
route_design: Time (s): cpu = 00:00:37 ; elapsed = 00:00:28 . Memory (MB): peak = 2995.418 ; gain = 193.906 ; free physical = 4780 ; free virtual = 11098
INFO: [runtcl-4] Executing : report_drc -file Processor_drc_routed.rpt -pb Processor_drc_routed.pb -rpx Processor_drc_routed.rpx
Command: report_drc -file Processor_drc_routed.rpt -pb Processor_drc_routed.pb -rpx Processor_drc_routed.rpx
INFO: [IP_Flow 19-1839] IP Catalog is up to date.
INFO: [DRC 23-27] Running DRC with 8 threads
INFO: [Vivado_Tcl 2-168] The results of DRC are in file /home/kemal/Desktop/riscv/riscv.runs/impl_1/Processor_drc_routed.rpt.
report_drc completed successfully
INFO: [runtcl-4] Executing : report_methodology -file Processor_methodology_drc_routed.rpt -pb Processor_methodology_drc_routed.pb -rpx Processor_methodology_drc_routed.rpx
Command: report_methodology -file Processor_methodology_drc_routed.rpt -pb Processor_methodology_drc_routed.pb -rpx Processor_methodology_drc_routed.rpx
INFO: [Timing 38-35] Done setting XDC timing constraints.
INFO: [DRC 23-133] Running Methodology with 8 threads
INFO: [Vivado_Tcl 2-1520] The results of Report Methodology are in file /home/kemal/Desktop/riscv/riscv.runs/impl_1/Processor_methodology_drc_routed.rpt.
report_methodology completed successfully
INFO: [runtcl-4] Executing : report_power -file Processor_power_routed.rpt -pb Processor_power_summary_routed.pb -rpx Processor_power_routed.rpx
Command: report_power -file Processor_power_routed.rpt -pb Processor_power_summary_routed.pb -rpx Processor_power_routed.rpx
INFO: [Timing 38-35] Done setting XDC timing constraints.
WARNING: [Power 33-232] No user defined clocks were found in the design! Power estimation will be inaccurate until this is corrected.
Resolution: Please specify clocks using create_clock/create_generated_clock for sequential elements. For pure combinatorial circuits, please specify a virtual clock, otherwise the vectorless estimation might be inaccurate
Running Vector-less Activity Propagation...

Finished Running Vector-less Activity Propagation
72 Infos, 2 Warnings, 0 Critical Warnings and 0 Errors encountered.
report_power completed successfully
INFO: [runtcl-4] Executing : report_route_status -file Processor_route_status.rpt -pb Processor_route_status.pb
INFO: [runtcl-4] Executing : report_timing_summary -max_paths 10 -report_unconstrained -file Processor_timing_summary_routed.rpt -pb Processor_timing_summary_routed.pb -rpx Processor_timing_summary_routed.rpx -warn_on_violation 
INFO: [Timing 38-91] UpdateTimingParams: Speed grade: -1, Delay Type: min_max.
INFO: [Timing 38-191] Multithreading enabled for timing update using a maximum of 8 CPUs
WARNING: [Timing 38-313] There are no user specified timing constraints. Timing constraints are needed for proper timing analysis.
INFO: [runtcl-4] Executing : report_incremental_reuse -file Processor_incremental_reuse_routed.rpt
INFO: [Vivado_Tcl 4-1062] Incremental flow is disabled. No incremental reuse Info to report.
INFO: [runtcl-4] Executing : report_clock_utilization -file Processor_clock_utilization_routed.rpt
INFO: [runtcl-4] Executing : report_bus_skew -warn_on_violation -file Processor_bus_skew_routed.rpt -pb Processor_bus_skew_routed.pb -rpx Processor_bus_skew_routed.rpx
INFO: [Timing 38-91] UpdateTimingParams: Speed grade: -1, Delay Type: min_max.
INFO: [Timing 38-191] Multithreading enabled for timing update using a maximum of 8 CPUs
INFO: [Timing 38-480] Writing timing data to binary archive.
Write ShapeDB Complete: Time (s): cpu = 00:00:00.03 ; elapsed = 00:00:00.01 . Memory (MB): peak = 3089.398 ; gain = 0.000 ; free physical = 4746 ; free virtual = 11075
Wrote PlaceDB: Time (s): cpu = 00:00:00.59 ; elapsed = 00:00:00.18 . Memory (MB): peak = 3089.398 ; gain = 0.000 ; free physical = 4746 ; free virtual = 11077
Wrote PulsedLatchDB: Time (s): cpu = 00:00:00 ; elapsed = 00:00:00 . Memory (MB): peak = 3089.398 ; gain = 0.000 ; free physical = 4746 ; free virtual = 11077
Writing XDEF routing.
Writing XDEF routing logical nets.
Writing XDEF routing special nets.
Wrote RouteStorage: Time (s): cpu = 00:00:00.04 ; elapsed = 00:00:00.05 . Memory (MB): peak = 3089.398 ; gain = 0.000 ; free physical = 4746 ; free virtual = 11077
Wrote Netlist Cache: Time (s): cpu = 00:00:00 ; elapsed = 00:00:00 . Memory (MB): peak = 3089.398 ; gain = 0.000 ; free physical = 4746 ; free virtual = 11078
Wrote Device Cache: Time (s): cpu = 00:00:00.01 ; elapsed = 00:00:00 . Memory (MB): peak = 3089.398 ; gain = 0.000 ; free physical = 4746 ; free virtual = 11078
Write Physdb Complete: Time (s): cpu = 00:00:00.64 ; elapsed = 00:00:00.24 . Memory (MB): peak = 3089.398 ; gain = 0.000 ; free physical = 4746 ; free virtual = 11078
INFO: [Common 17-1381] The checkpoint '/home/kemal/Desktop/riscv/riscv.runs/impl_1/Processor_routed.dcp' has been generated.
INFO: [Common 17-206] Exiting Vivado at Wed Jun 12 10:07:22 2024...
